OpenROAD 0.9.0 1415572a73
This program is licensed under the BSD-3 license. See the LICENSE file for details.
Components of this program may be licensed under more restrictive licenses which must be honored.
Notice 0: Reading LEF file:  /openLANE_flow/designs/uart/runs/third_run/tmp/merged_unpadded.lef
Notice 0:     Created 13 technology layers
Notice 0:     Created 25 technology vias
Notice 0:     Created 440 library cells
Notice 0: Finished LEF file:  /openLANE_flow/designs/uart/runs/third_run/tmp/merged_unpadded.lef
Notice 0: 
Reading DEF file: /openLANE_flow/designs/uart/runs/third_run/tmp/placement/8-resizer.def
Notice 0: Design: uart
Notice 0:     Created 87 pins.
Notice 0:     Created 928 components and 5466 component-terminals.
Notice 0:     Created 2 special nets and 0 connections.
Notice 0:     Created 724 nets and 2082 connections.
Notice 0: Finished DEF file: /openLANE_flow/designs/uart/runs/third_run/tmp/placement/8-resizer.def
Design Stats
--------------------------------
total instances           928
multi row instances         0
fixed instances           254
nets                      726
design area           12619.6 u^2
fixed area              523.0 u^2
movable area           5890.6 u^2
utilization                49 %
utilization padded         77 %
rows                       41
row height                2.7 u

Placement Analysis
--------------------------------
total displacement        0.0 u
average displacement      0.0 u
max displacement          0.0 u
original HPWL         15967.8 u
legalized HPWL        16413.2 u
delta HPWL                  3 %

[INFO DPL-0020] Mirrored 295 instances
[INFO DPL-0021] HPWL before           16413.2 u
[INFO DPL-0022] HPWL after            15967.8 u
[INFO DPL-0023] HPWL delta               -2.7 %
