
29. Printing statistics.

=== uart ===

   Number of wires:                447
   Number of wire bits:            522
   Number of public wires:          89
   Number of public wire bits:     164
   Number of memories:               0
   Number of memory bits:            0
   Number of processes:              0
   Number of cells:                472
     sky130_fd_sc_hd__a211oi_2       1
     sky130_fd_sc_hd__a21bo_2       16
     sky130_fd_sc_hd__a21o_2         6
     sky130_fd_sc_hd__a21oi_2        3
     sky130_fd_sc_hd__a221o_2        5
     sky130_fd_sc_hd__a22o_2        19
     sky130_fd_sc_hd__a2bb2o_2       2
     sky130_fd_sc_hd__a31o_2         1
     sky130_fd_sc_hd__a32o_2         1
     sky130_fd_sc_hd__a41o_2         2
     sky130_fd_sc_hd__and2_2         1
     sky130_fd_sc_hd__and3_2         4
     sky130_fd_sc_hd__and4_2         2
     sky130_fd_sc_hd__and4b_2        4
     sky130_fd_sc_hd__buf_1         63
     sky130_fd_sc_hd__conb_1        16
     sky130_fd_sc_hd__dfxtp_2       96
     sky130_fd_sc_hd__inv_2         55
     sky130_fd_sc_hd__mux2_1        42
     sky130_fd_sc_hd__mux2_2         1
     sky130_fd_sc_hd__nand2_2        2
     sky130_fd_sc_hd__nor2_2        17
     sky130_fd_sc_hd__nor3_2         4
     sky130_fd_sc_hd__nor4_2         1
     sky130_fd_sc_hd__o211a_2        3
     sky130_fd_sc_hd__o21a_2         4
     sky130_fd_sc_hd__o21ai_2        9
     sky130_fd_sc_hd__o221a_2       18
     sky130_fd_sc_hd__o22a_2        16
     sky130_fd_sc_hd__o2bb2a_2       1
     sky130_fd_sc_hd__o311a_2        1
     sky130_fd_sc_hd__o32a_2         2
     sky130_fd_sc_hd__or2_2         27
     sky130_fd_sc_hd__or2b_2         2
     sky130_fd_sc_hd__or3_2         15
     sky130_fd_sc_hd__or3b_2         2
     sky130_fd_sc_hd__or4_2          7
     sky130_fd_sc_hd__or4b_2         1

   Chip area for module '\uart': 4805.859200

