Startpoint: _703_ (rising edge-triggered flip-flop clocked by sys_clk)
Endpoint: _702_ (rising edge-triggered flip-flop clocked by sys_clk)
Path Group: sys_clk
Path Type: min

Fanout     Cap    Slew   Delay    Time   Description
-----------------------------------------------------------------------------
                  0.00    0.00    0.00   clock sys_clk (rise edge)
                          0.00    0.00   clock network delay (ideal)
                  0.00    0.00    0.00 ^ _703_/CLK (sky130_fd_sc_hd__dfxtp_2)
                  0.02    0.17    0.17 ^ _703_/Q (sky130_fd_sc_hd__dfxtp_2)
     1    0.00                           transceiver.uart_rx1 (net)
                  0.02    0.00    0.17 ^ _702_/D (sky130_fd_sc_hd__dfxtp_2)
                                  0.17   data arrival time

                  0.00    0.00    0.00   clock sys_clk (rise edge)
                          0.00    0.00   clock network delay (ideal)
                          0.00    0.00   clock reconvergence pessimism
                                  0.00 ^ _702_/CLK (sky130_fd_sc_hd__dfxtp_2)
                         -0.02   -0.02   library hold time
                                 -0.02   data required time
-----------------------------------------------------------------------------
                                 -0.02   data required time
                                 -0.17   data arrival time
-----------------------------------------------------------------------------
                                  0.19   slack (MET)


Startpoint: _687_ (rising edge-triggered flip-flop clocked by sys_clk)
Endpoint: _715_ (rising edge-triggered flip-flop clocked by sys_clk)
Path Group: sys_clk
Path Type: max

Fanout     Cap    Slew   Delay    Time   Description
-----------------------------------------------------------------------------
                  0.00    0.00    0.00   clock sys_clk (rise edge)
                          0.00    0.00   clock network delay (ideal)
                  0.00    0.00    0.00 ^ _687_/CLK (sky130_fd_sc_hd__dfxtp_2)
                  0.04    0.57    0.57 v _687_/Q (sky130_fd_sc_hd__dfxtp_2)
     2    0.00                           transceiver.enable16_counter[1] (net)
                  0.04    0.00    0.57 v _346_/A (sky130_fd_sc_hd__or2_2)
                  0.13    0.68    1.25 v _346_/X (sky130_fd_sc_hd__or2_2)
     4    0.01                           _167_ (net)
                  0.13    0.00    1.25 v _347_/C (sky130_fd_sc_hd__or3_2)
                  0.19    1.03    2.28 v _347_/X (sky130_fd_sc_hd__or3_2)
     4    0.01                           _168_ (net)
                  0.19    0.00    2.28 v _348_/D (sky130_fd_sc_hd__or4_2)
                  0.24    1.37    3.64 v _348_/X (sky130_fd_sc_hd__or4_2)
     3    0.00                           _169_ (net)
                  0.24    0.00    3.64 v _349_/B (sky130_fd_sc_hd__or2_2)
                  0.13    0.70    4.35 v _349_/X (sky130_fd_sc_hd__or2_2)
     3    0.00                           _170_ (net)
                  0.13    0.00    4.35 v _350_/B (sky130_fd_sc_hd__or2_2)
                  0.13    0.67    5.02 v _350_/X (sky130_fd_sc_hd__or2_2)
     4    0.01                           _171_ (net)
                  0.13    0.00    5.02 v _351_/C (sky130_fd_sc_hd__or3_2)
                  0.18    1.01    6.03 v _351_/X (sky130_fd_sc_hd__or3_2)
     3    0.00                           _172_ (net)
                  0.18    0.00    6.03 v _352_/B (sky130_fd_sc_hd__or2_2)
                  0.13    0.68    6.71 v _352_/X (sky130_fd_sc_hd__or2_2)
     3    0.00                           _173_ (net)
                  0.13    0.00    6.71 v _353_/B (sky130_fd_sc_hd__or2_2)
                  0.14    0.69    7.40 v _353_/X (sky130_fd_sc_hd__or2_2)
     5    0.01                           _174_ (net)
                  0.14    0.00    7.40 v _354_/C (sky130_fd_sc_hd__or3_2)
                  0.19    1.04    8.44 v _354_/X (sky130_fd_sc_hd__or3_2)
     2    0.01                           _175_ (net)
                  0.19    0.00    8.44 v _379_/A (sky130_fd_sc_hd__buf_1)
                  0.65    0.66    9.10 v _379_/X (sky130_fd_sc_hd__buf_1)
    20    0.06                           _000_ (net)
                  0.65    0.00    9.10 v _437_/B (sky130_fd_sc_hd__or3_2)
                  0.20    1.32   10.42 v _437_/X (sky130_fd_sc_hd__or3_2)
     4    0.01                           _232_ (net)
                  0.20    0.00   10.42 v _479_/B (sky130_fd_sc_hd__or4_2)
                  0.30    1.70   12.12 v _479_/X (sky130_fd_sc_hd__or4_2)
     5    0.01                           _262_ (net)
                  0.30    0.00   12.12 v _550_/A (sky130_fd_sc_hd__buf_1)
                  0.14    0.33   12.45 v _550_/X (sky130_fd_sc_hd__buf_1)
     5    0.01                           _305_ (net)
                  0.14    0.00   12.45 v _555_/A2 (sky130_fd_sc_hd__a22o_2)
                  0.06    0.48   12.93 v _555_/X (sky130_fd_sc_hd__a22o_2)
     1    0.00                           _089_ (net)
                  0.06    0.00   12.93 v _715_/D (sky130_fd_sc_hd__dfxtp_2)
                                 12.93   data arrival time

                  0.00   10.00   10.00   clock sys_clk (rise edge)
                          0.00   10.00   clock network delay (ideal)
                          0.00   10.00   clock reconvergence pessimism
                                 10.00 ^ _715_/CLK (sky130_fd_sc_hd__dfxtp_2)
                         -0.29    9.71   library setup time
                                  9.71   data required time
-----------------------------------------------------------------------------
                                  9.71   data required time
                                -12.93   data arrival time
-----------------------------------------------------------------------------
                                 -3.22   slack (VIOLATED)


