Sun Apr 18 08:29:49 UTC 2021 - Executing "python3 /openLANE_flow/scripts/extract_metal_layers.py -t /home/mariam/openlane/pdks/sky130A/libs.ref/sky130_fd_sc_hd/techlef/sky130_fd_sc_hd.tlef -o /openLANE_flow/designs/uart/runs/third_run/tmp/met_layers_list.txt"

Sun Apr 18 08:29:49 UTC 2021 - Executing "/openLANE_flow/scripts/mergeLef.py -i /home/mariam/openlane/pdks/sky130A/libs.ref/sky130_fd_sc_hd/techlef/sky130_fd_sc_hd.tlef {/home/mariam/openlane/pdks/sky130A/libs.ref/sky130_fd_sc_hd/lef/sky130_fd_sc_hd.lef /home/mariam/openlane/pdks/sky130A/libs.ref/sky130_fd_sc_hd/lef/sky130_ef_sc_hd__decap_12.lef /home/mariam/openlane/pdks/sky130A/libs.ref/sky130_fd_sc_hd/lef/sky130_ef_sc_hd__fakediode_2.lef /home/mariam/openlane/pdks/sky130A/libs.ref/sky130_fd_sc_hd/lef/sky130_ef_sc_hd__fill_12.lef} -o /openLANE_flow/designs/uart/runs/third_run/tmp/merged_unpadded.lef |& tee >&@stdout"

Sun Apr 18 08:29:49 UTC 2021 - Executing "/openLANE_flow/scripts/libtrim.pl /home/mariam/openlane/pdks/sky130A/libs.ref/sky130_fd_sc_hd/lib/sky130_fd_sc_hd__tt_025C_1v80.lib /openLANE_flow/designs/uart/runs/third_run/tmp/trimmed.lib.exclude.list > /openLANE_flow/designs/uart/runs/third_run/tmp/trimmed.lib"

Sun Apr 18 08:29:50 UTC 2021 - Executing "echo {openlane v0.12-1-ga95f56d} > /openLANE_flow/designs/uart/runs/third_run/OPENLANE_VERSION"

Sun Apr 18 08:29:55 UTC 2021 - Executing "sed -E {s/^([[:space:]]+)pg_pin(.*)/\1pin\2\n\1    direction : "inout";/g} /home/mariam/openlane/pdks/sky130A/libs.ref/sky130_fd_sc_hd/lib/sky130_fd_sc_hd__tt_025C_1v80.lib > /openLANE_flow/designs/uart/runs/third_run/tmp/sky130_fd_sc_hd__tt_025C_1v80.no_pg.lib"

Sun Apr 18 08:29:55 UTC 2021 - Executing "yosys -c /openLANE_flow/scripts/synth.tcl -l /openLANE_flow/designs/uart/runs/third_run/logs/synthesis/1-yosys.log |& tee >&@stdout"

Sun Apr 18 08:29:58 UTC 2021 - Executing "sed -i -e {s/\(set ::env(CURRENT_NETLIST)\).*/\1 \/openLANE_flow\/designs\/uart\/runs\/third_run\/results\/synthesis\/uart.synthesis.v/} /openLANE_flow/designs/uart/runs/third_run/config.tcl"

Sun Apr 18 08:29:58 UTC 2021 - Executing "sed -i -e {s/\(set ::env(PREV_NETLIST)\).*/\1 0/} /openLANE_flow/designs/uart/runs/third_run/config.tcl"

Sun Apr 18 08:29:58 UTC 2021 - Executing "sed -i /defparam/d /openLANE_flow/designs/uart/runs/third_run/results/synthesis/uart.synthesis.v"

Sun Apr 18 08:29:58 UTC 2021 - Executing "sta /openLANE_flow/scripts/sta.tcl |& tee >&@stdout /openLANE_flow/designs/uart/runs/third_run/logs/synthesis/2-opensta"

Sun Apr 18 08:30:08 UTC 2021 - Executing "openroad -exit /openLANE_flow/scripts/openroad/or_floorplan.tcl |& tee >&@stdout /openLANE_flow/designs/uart/runs/third_run/logs/floorplan/3-verilog2def.openroad.log"

Sun Apr 18 08:30:10 UTC 2021 - Executing "openroad -exit /openLANE_flow/scripts/openroad/or_ioplacer.tcl |& tee >&@stdout /openLANE_flow/designs/uart/runs/third_run/logs/floorplan/4-ioPlacer.log"

Sun Apr 18 08:30:12 UTC 2021 - Executing "openroad -exit /openLANE_flow/scripts/openroad/or_tapcell.tcl |& tee >&@stdout /openLANE_flow/designs/uart/runs/third_run/logs/floorplan/5-tapcell.log"

Sun Apr 18 08:30:13 UTC 2021 - Executing "bash /openLANE_flow/scripts/klayout/scrotLayout.sh /home/mariam/openlane/pdks/sky130A/libs.tech/klayout/sky130A.lyt /openLANE_flow/designs/uart/runs/third_run/results/floorplan/uart.floorplan.def |& tee >&@stdout /openLANE_flow/designs/uart/runs/third_run/logs/klayout/6-klayout.scrot.log"

Sun Apr 18 08:30:20 UTC 2021 - Executing "openroad -exit /openLANE_flow/scripts/openroad/or_pdn.tcl |& tee >&@stdout /openLANE_flow/designs/uart/runs/third_run/logs/floorplan/7-pdn.log"

Sun Apr 18 08:30:29 UTC 2021 - Executing "openroad -exit /openLANE_flow/scripts/openroad/or_replace.tcl |& tee >&@stdout /openLANE_flow/designs/uart/runs/third_run/logs/placement/8-replace.log"

Sun Apr 18 08:30:37 UTC 2021 - Executing "openroad -exit /openLANE_flow/scripts/openroad/or_resizer.tcl |& tee >&@stdout /openLANE_flow/designs/uart/runs/third_run/logs/placement/8-resizer.log"

Sun Apr 18 08:30:43 UTC 2021 - Executing "openroad -exit /openLANE_flow/scripts/openroad/or_write_verilog.tcl |& tee >&@stdout /openLANE_flow/designs/uart/runs/third_run/logs/9-write_verilog.log"

Sun Apr 18 08:30:45 UTC 2021 - Executing "sed -i -e {s/\(set ::env(CURRENT_NETLIST)\).*/\1 \/openLANE_flow\/designs\/uart\/runs\/third_run\/results\/synthesis\/uart.synthesis_optimized.v/} /openLANE_flow/designs/uart/runs/third_run/config.tcl"

Sun Apr 18 08:30:45 UTC 2021 - Executing "sed -i -e {s/\(set ::env(PREV_NETLIST)\).*/\1 \/openLANE_flow\/designs\/uart\/runs\/third_run\/results\/synthesis\/uart.synthesis.v/} /openLANE_flow/designs/uart/runs/third_run/config.tcl"

Sun Apr 18 08:30:45 UTC 2021 - Executing "sta /openLANE_flow/scripts/sta.tcl |& tee >&@stdout /openLANE_flow/designs/uart/runs/third_run/logs/synthesis/10-opensta_post_resizer"

Sun Apr 18 08:30:46 UTC 2021 - Executing "openroad -exit /openLANE_flow/scripts/openroad/or_opendp.tcl |& tee >&@stdout /openLANE_flow/designs/uart/runs/third_run/logs/placement/11-opendp.log"

Sun Apr 18 08:30:48 UTC 2021 - Executing "bash /openLANE_flow/scripts/klayout/scrotLayout.sh /home/mariam/openlane/pdks/sky130A/libs.tech/klayout/sky130A.lyt /openLANE_flow/designs/uart/runs/third_run/results/placement/uart.placement.def |& tee >&@stdout /openLANE_flow/designs/uart/runs/third_run/logs/klayout/12-klayout.scrot.log"

Sun Apr 18 08:30:59 UTC 2021 - Executing "openroad -exit /openLANE_flow/scripts/openroad/or_cts.tcl |& tee >&@stdout /openLANE_flow/designs/uart/runs/third_run/logs/cts/13-cts.log"

Sun Apr 18 08:32:39 UTC 2021 - Executing "openroad -exit /openLANE_flow/scripts/openroad/or_write_verilog.tcl |& tee >&@stdout /openLANE_flow/designs/uart/runs/third_run/logs/14-write_verilog.log"

Sun Apr 18 08:32:40 UTC 2021 - Executing "sed -i -e {s/\(set ::env(CURRENT_NETLIST)\).*/\1 \/openLANE_flow\/designs\/uart\/runs\/third_run\/results\/synthesis\/uart.synthesis_cts.v/} /openLANE_flow/designs/uart/runs/third_run/config.tcl"

Sun Apr 18 08:32:40 UTC 2021 - Executing "sed -i -e {s/\(set ::env(PREV_NETLIST)\).*/\1 \/openLANE_flow\/designs\/uart\/runs\/third_run\/results\/synthesis\/uart.synthesis_optimized.v/} /openLANE_flow/designs/uart/runs/third_run/config.tcl"

Sun Apr 18 08:32:40 UTC 2021 - Executing "bash /openLANE_flow/scripts/klayout/scrotLayout.sh /home/mariam/openlane/pdks/sky130A/libs.tech/klayout/sky130A.lyt /openLANE_flow/designs/uart/runs/third_run/results/cts/uart.cts.def |& tee >&@stdout /openLANE_flow/designs/uart/runs/third_run/logs/klayout/15-klayout.scrot.log"

Sun Apr 18 08:33:02 UTC 2021 - Executing "openroad -exit /openLANE_flow/scripts/openroad/or_groute.tcl |& tee >&@stdout /openLANE_flow/designs/uart/runs/third_run/logs/routing/16-fastroute.log"

Sun Apr 18 08:33:10 UTC 2021 - Executing "openroad -exit /openLANE_flow/scripts/openroad/or_fill.tcl |& tee >&@stdout /openLANE_flow/designs/uart/runs/third_run/logs/routing/17-addspacers.log"

Sun Apr 18 08:33:12 UTC 2021 - Executing "openroad -exit /openLANE_flow/scripts/openroad/or_write_verilog.tcl |& tee >&@stdout /openLANE_flow/designs/uart/runs/third_run/logs/18-write_verilog.log"

Sun Apr 18 08:33:13 UTC 2021 - Executing "sed -i -e {s/\(set ::env(CURRENT_NETLIST)\).*/\1 \/openLANE_flow\/designs\/uart\/runs\/third_run\/results\/synthesis\/uart.synthesis_preroute.v/} /openLANE_flow/designs/uart/runs/third_run/config.tcl"

Sun Apr 18 08:33:13 UTC 2021 - Executing "sed -i -e {s/\(set ::env(PREV_NETLIST)\).*/\1 \/openLANE_flow\/designs\/uart\/runs\/third_run\/results\/synthesis\/uart.synthesis_cts.v/} /openLANE_flow/designs/uart/runs/third_run/config.tcl"

Sun Apr 18 08:33:13 UTC 2021 - Executing "envsubst < /openLANE_flow/scripts/tritonRoute.param > /openLANE_flow/designs/uart/runs/third_run/tmp/routing/19-tritonRoute.param"

Sun Apr 18 08:33:13 UTC 2021 - Executing "TritonRoute /openLANE_flow/designs/uart/runs/third_run/tmp/routing/19-tritonRoute.param |& tee >&@stdout /openLANE_flow/designs/uart/runs/third_run/logs/routing/19-tritonRoute.log"

Sun Apr 18 08:33:48 UTC 2021 - Executing "python3 /openLANE_flow/scripts/tr2klayout.py -i /openLANE_flow/designs/uart/runs/third_run/reports/routing/19-tritonRoute.drc -o /openLANE_flow/designs/uart/runs/third_run/reports/routing/19-tritonRoute.klayout.xml --design-name uart"

Sun Apr 18 08:33:48 UTC 2021 - Executing "bash /openLANE_flow/scripts/klayout/scrotLayout.sh /home/mariam/openlane/pdks/sky130A/libs.tech/klayout/sky130A.lyt /openLANE_flow/designs/uart/runs/third_run/results/routing/uart.def |& tee >&@stdout /openLANE_flow/designs/uart/runs/third_run/logs/klayout/20-klayout.scrot.log"

Sun Apr 18 08:33:53 UTC 2021 - Executing "python3 /openLANE_flow/scripts/spef_extractor/main.py -l /openLANE_flow/designs/uart/runs/third_run/tmp/merged_unpadded.lef -d /openLANE_flow/designs/uart/runs/third_run/results/routing/uart.def -mw L -ec 1 |& tee >&@stdout /openLANE_flow/designs/uart/runs/third_run/logs/routing/21-spef_extraction.log"

Sun Apr 18 08:33:55 UTC 2021 - Executing "sta /openLANE_flow/scripts/sta.tcl |& tee >&@stdout /openLANE_flow/designs/uart/runs/third_run/logs/synthesis/22-opensta_spef"

